This is pdfTeX, Version 3.1415926-2.5-1.40.14 (TeX Live 2013/Debian) (format=pdflatex 2014.7.2)  14 JUL 2014 18:04
entering extended mode
 restricted \write18 enabled.
 %&-line parsing enabled.
**classicthesis.sty
(./classicthesis.sty
LaTeX2e <2011/06/27>
Babel <3.9h> and hyphenation patterns for 78 languages loaded.

LaTeX Warning: You have requested package `',
               but the package provides `classicthesis'.

Package: classicthesis 2012/08/12 v4.1 Typographic style for a classic-looking 
thesis
(/usr/share/texlive/texmf-dist/tex/latex/base/ifthen.sty
Package: ifthen 2001/05/26 v1.1c Standard LaTeX ifthen package (DPC)
)
! You can't use `\spacefactor' in vertical mode.
\@->\spacefactor 
                 \@m 
l.91 \@
       ifpackageloaded{subfig}%
Sorry, but I'm not programmed to handle this case;
I'll just pretend that you didn't ask for it.
If you're in the wrong mode, you might be able to
return to the right one by typing `I}' or `I$' or `I\par'.

! Missing $ inserted.
<inserted text> 
                $
l.91 \@
       ifpackageloaded{subfig}%
I've inserted a begin-math/end-math symbol since I think
you left one out. Proceed, with fingers crossed.


! LaTeX Error: Missing \begin{document}.

See the LaTeX manual or LaTeX Companion for explanation.
Type  H <return>  for immediate help.
 ...                                              
                                                  
l.91 \@
       ifpackageloaded{subfig}%
You're in trouble here.  Try typing  <return>  to proceed.
If that doesn't work, type  X <return>  to quit.

LaTeX Font Info:    External font `cmex10' loaded for size
(Font)              <7> on input line 91.
LaTeX Font Info:    External font `cmex10' loaded for size
(Font)              <5> on input line 91.
! You can't use `\spacefactor' in math mode.
\@->\spacefactor 
                 \@m 
l.94 \@
       ifpackageloaded{subfigure}%
Sorry, but I'm not programmed to handle this case;
I'll just pretend that you didn't ask for it.
If you're in the wrong mode, you might be able to
return to the right one by typing `I}' or `I$' or `I\par'.


Package classicthesis Warning: Package "subfigure" and option "subfigure" are d
eprecated, use "subfig" instead..

! Missing $ inserted.
<inserted text> 
                $
l.102 
      
I've inserted a begin-math/end-math symbol since I think
you left one out. Proceed, with fingers crossed.

Missing character: There is no è in font cmex10!
Missing character: There is no è in font cmex10!

Overfull \hbox (239.73586pt too wide) in paragraph at lines 91--102
[]$\OML/cmm/m/it/10 ifpackageloaded[][][]ifpackageloaded[][][]$ 
 []

(/usr/share/texlive/texmf-dist/tex/generic/oberdiek/ifpdf.sty
Package: ifpdf 2011/01/30 v2.3 Provides the ifpdf switch (HO)
Package ifpdf Info: pdfTeX in PDF mode is detected.
)
(/usr/share/texlive/texmf-dist/tex/latex/hyperref/hyperref.sty
Package: hyperref 2012/11/06 v6.83m Hypertext links for LaTeX

(/usr/share/texlive/texmf-dist/tex/generic/oberdiek/hobsub-hyperref.sty
Package: hobsub-hyperref 2012/05/28 v1.13 Bundle oberdiek, subset hyperref (HO)


(/usr/share/texlive/texmf-dist/tex/generic/oberdiek/hobsub-generic.sty
Package: hobsub-generic 2012/05/28 v1.13 Bundle oberdiek, subset generic (HO)
Package: hobsub 2012/05/28 v1.13 Construct package bundles (HO)
Package: infwarerr 2010/04/08 v1.3 Providing info/warning/error messages (HO)
Package: ltxcmds 2011/11/09 v1.22 LaTeX kernel commands for general use (HO)
Package: ifluatex 2010/03/01 v1.3 Provides the ifluatex switch (HO)
Package ifluatex Info: LuaTeX not detected.
Package: ifvtex 2010/03/01 v1.5 Detect VTeX and its facilities (HO)
Package ifvtex Info: VTeX not detected.
Package: intcalc 2007/09/27 v1.1 Expandable calculations with integers (HO)
Package hobsub Info: Skipping package `ifpdf' (already loaded).
Package: etexcmds 2011/02/16 v1.5 Avoid name clashes with e-TeX commands (HO)
Package etexcmds Info: Could not find \expanded.
(etexcmds)             That can mean that you are not using pdfTeX 1.50 or
(etexcmds)             that some package has redefined \expanded.
(etexcmds)             In the latter case, load this package earlier.
Package: kvsetkeys 2012/04/25 v1.16 Key value parser (HO)
Package: kvdefinekeys 2011/04/07 v1.3 Define keys (HO)
Package: pdftexcmds 2011/11/29 v0.20 Utility functions of pdfTeX for LuaTeX (HO
)
Package pdftexcmds Info: LuaTeX not detected.
Package pdftexcmds Info: \pdf@primitive is available.
Package pdftexcmds Info: \pdf@ifprimitive is available.
Package pdftexcmds Info: \pdfdraftmode found.
Package: pdfescape 2011/11/25 v1.13 Implements pdfTeX's escape features (HO)
Package: bigintcalc 2012/04/08 v1.3 Expandable calculations on big integers (HO
)
Package: bitset 2011/01/30 v1.1 Handle bit-vector datatype (HO)
Package: uniquecounter 2011/01/30 v1.2 Provide unlimited unique counter (HO)
)
Package hobsub Info: Skipping package `hobsub' (already loaded).
Package: letltxmacro 2010/09/02 v1.4 Let assignment for LaTeX macros (HO)
Package: hopatch 2012/05/28 v1.2 Wrapper for package hooks (HO)
Package: xcolor-patch 2011/01/30 xcolor patch
Package: atveryend 2011/06/30 v1.8 Hooks at the very end of document (HO)
Package atveryend Info: \enddocument detected (standard20110627).
Package: atbegshi 2011/10/05 v1.16 At begin shipout hook (HO)
Package: refcount 2011/10/16 v3.4 Data extraction from label references (HO)
Package: hycolor 2011/01/30 v1.7 Color options for hyperref/bookmark (HO)
)
(/usr/share/texlive/texmf-dist/tex/latex/graphics/keyval.sty
Package: keyval 1999/03/16 v1.13 key=value parser (DPC)
\KV@toks@=\toks14
)
(/usr/share/texlive/texmf-dist/tex/generic/ifxetex/ifxetex.sty
Package: ifxetex 2010/09/12 v0.6 Provides ifxetex conditional
)
(/usr/share/texlive/texmf-dist/tex/latex/oberdiek/auxhook.sty
Package: auxhook 2011/03/04 v1.3 Hooks for auxiliary files (HO)
)
(/usr/share/texlive/texmf-dist/tex/latex/oberdiek/kvoptions.sty
Package: kvoptions 2011/06/30 v3.11 Key value format for package options (HO)
)
\@linkdim=\dimen102
\Hy@linkcounter=\count79
\Hy@pagecounter=\count80

(/usr/share/texlive/texmf-dist/tex/latex/hyperref/pd1enc.def
File: pd1enc.def 2012/11/06 v6.83m Hyperref: PDFDocEncoding definition (HO)
)
\Hy@SavedSpaceFactor=\count81

(/usr/share/texlive/texmf-dist/tex/latex/latexconfig/hyperref.cfg
File: hyperref.cfg 2002/06/06 v1.2 hyperref configuration of TeXLive
)
Package hyperref Info: Hyper figures OFF on input line 4443.
Package hyperref Info: Link nesting OFF on input line 4448.
Package hyperref Info: Hyper index ON on input line 4451.
Package hyperref Info: Plain pages OFF on input line 4458.
Package hyperref Info: Backreferencing OFF on input line 4463.
Package hyperref Info: Implicit mode ON; LaTeX internals redefined.
Package hyperref Info: Bookmarks ON on input line 4688.
\c@Hy@tempcnt=\count82

(/usr/share/texlive/texmf-dist/tex/latex/url/url.sty
\Urlmuskip=\muskip10
Package: url 2013/09/16  ver 3.4  Verb mode for urls, etc.
)
LaTeX Info: Redefining \url on input line 5041.
\XeTeXLinkMargin=\dimen103
\Fld@menulength=\count83
\Field@Width=\dimen104
\Fld@charsize=\dimen105
Package hyperref Info: Hyper figures OFF on input line 6295.
Package hyperref Info: Link nesting OFF on input line 6300.
Package hyperref Info: Hyper index ON on input line 6303.
Package hyperref Info: backreferencing OFF on input line 6310.
Package hyperref Info: Link coloring OFF on input line 6315.
Package hyperref Info: Link coloring with OCG OFF on input line 6320.
Package hyperref Info: PDF/A mode OFF on input line 6325.
LaTeX Info: Redefining \ref on input line 6365.
LaTeX Info: Redefining \pageref on input line 6369.


Package hyperref Warning: Option `pdfpagelabels' is turned off
(hyperref)                because \thepage is undefined.

\c@Item=\count84
\c@Hfootnote=\count85
)

Package hyperref Message: Driver (autodetected): hpdftex.

(/usr/share/texlive/texmf-dist/tex/latex/hyperref/hpdftex.def
File: hpdftex.def 2012/11/06 v6.83m Hyperref driver for pdfTeX
\Fld@listcount=\count86
\c@bookmark@seq@number=\count87

(/usr/share/texlive/texmf-dist/tex/latex/oberdiek/rerunfilecheck.sty
Package: rerunfilecheck 2011/04/15 v1.7 Rerun checks for auxiliary files (HO)
Package uniquecounter Info: New unique counter `rerunfilecheck' on input line 2
82.
)
\Hy@SectionHShift=\skip41
)
(/usr/share/texmf/tex/latex/xcolor/xcolor.sty
Package: xcolor 2007/01/21 v2.11 LaTeX color extensions (UK)

(/usr/share/texlive/texmf-dist/tex/latex/latexconfig/color.cfg
File: color.cfg 2007/01/18 v1.5 color configuration of teTeX/TeXLive
)
Package xcolor Info: Driver file: pdftex.def on input line 225.

(/usr/share/texlive/texmf-dist/tex/latex/pdftex-def/pdftex.def
File: pdftex.def 2011/05/27 v0.06d Graphics/color for pdfTeX
\Gread@gobject=\count88
)
Package xcolor Info: Model `cmy' substituted by `cmy0' on input line 1337.
Package xcolor Info: Model `hsb' substituted by `rgb' on input line 1341.
Package xcolor Info: Model `RGB' extended on input line 1353.
Package xcolor Info: Model `HTML' substituted by `rgb' on input line 1355.
Package xcolor Info: Model `Hsb' substituted by `hsb' on input line 1356.
Package xcolor Info: Model `tHsb' substituted by `hsb' on input line 1357.
Package xcolor Info: Model `HSB' substituted by `hsb' on input line 1358.
Package xcolor Info: Model `Gray' substituted by `gray' on input line 1359.
Package xcolor Info: Model `wave' substituted by `hsb' on input line 1360.

(/usr/share/texlive/texmf-dist/tex/latex/graphics/dvipsnam.def
File: dvipsnam.def 1999/02/16 v3.0i Driver-dependant file (DPC,SPQR)
))
(/usr/share/texlive/texmf-dist/tex/latex/psnfss/mathpazo.sty
Package: mathpazo 2005/04/12 PSNFSS-v9.2a Palatino w/ Pazo Math (D.Puga, WaS) 
\symupright=\mathgroup4
)
(/usr/share/texlive/texmf-dist/tex/latex/microtype/microtype.sty
Package: microtype 2013/05/23 v2.5a Micro-typographical refinements (RS)
\MT@toks=\toks15
\MT@count=\count89
LaTeX Font Info:    Try loading font information for OT1+pplj on input line 521
.

(/usr/share/texlive/texmf-dist/tex/latex/psnfss/ot1pplj.fd
File: ot1pplj.fd 2004/09/06 font definitions for OT1/pplj.
)
LaTeX Info: Redefining \textls on input line 766.
\MT@outer@kern=\dimen106
LaTeX Info: Redefining \textmicrotypecontext on input line 1285.
\MT@listname@count=\count90

(/usr/share/texlive/texmf-dist/tex/latex/microtype/microtype-pdftex.def
File: microtype-pdftex.def 2013/05/23 v2.5a Definitions specific to pdftex (RS)

LaTeX Info: Redefining \lsstyle on input line 915.
LaTeX Info: Redefining \lslig on input line 915.
\MT@outer@space=\skip42
)
Package microtype Info: Loading configuration file microtype.cfg.

(/usr/share/texlive/texmf-dist/tex/latex/microtype/microtype.cfg
File: microtype.cfg 2013/05/23 v2.5a microtype main configuration file (RS)


! LaTeX Error: The font size command \normalsize is not defined:
               there is probably something wrong with the class file.

See the LaTeX manual or LaTeX Companion for explanation.
Type  H <return>  for immediate help.
 ...                                              
                                                  
l.64    }
         
Your command was ignored.
Type  I <command> <return>  to replace it with another command,
or  <return>  to continue without it.

! Undefined control sequence.
\MT@get@size ... \def \MT@val {##2}}\@tempa \@nil 
                                                  \fi \MT@ifdimen \MT@val {\...
l.64    }
         
The control sequence at the end of the top line
of your error message was never \def'ed. If you have
misspelled it (e.g., `\hobx'), type `I' and the correct
spelling (e.g., `I\hbox'). Otherwise just continue,
and I'll forget about whatever was undefined.


Package microtype Warning: Could not parse font size `normalsize'
(microtype)                in font set `basicmath' on input line 64.


Package microtype Warning: Could not parse font size `footnotesize'
(microtype)                in font set `basicmath' on input line 64.


Package microtype Warning: Could not parse font size `small'
(microtype)                in font set `basicmath' on input line 64.


Package microtype Warning: Could not parse font size `large'
(microtype)                in font set `basicmath' on input line 64.

! Extra }, or forgotten \endgroup.
\MT@clist@function ...,footnotesize,small,large}}}
                                                  
l.64    }
         
I've deleted a group-closing symbol because it seems to be
spurious, as in `$x}$'. But perhaps the } is legitimate and
you forgot something else, as in `\hbox{$x}'. In such cases
the way to recover is to insert both the forgotten and the
deleted material, e.g., by typing `I$}'.


Package microtype Warning: Could not parse font size `ex'
(microtype)                in font set `basicmath' on input line 64.

! Missing $ inserted.
<inserted text> 
                $
l.64    }
         
I've inserted a begin-math/end-math symbol since I think
you left one out. Proceed, with fingers crossed.


! LaTeX Error: Missing \begin{document}.

See the LaTeX manual or LaTeX Companion for explanation.
Type  H <return>  for immediate help.
 ...                                              
                                                  
l.64    }
         
You're in trouble here.  Try typing  <return>  to proceed.
If that doesn't work, type  X <return>  to quit.

! Undefined control sequence.
\MT@get@size ... \def \MT@val {##2}}\@tempa \@nil 
                                                  \fi \MT@ifdimen \MT@val {\...
l.64    }
         
The control sequence at the end of the top line
of your error message was never \def'ed. If you have
misspelled it (e.g., `\hobx'), type `I' and the correct
spelling (e.g., `I\hbox'). Otherwise just continue,
and I'll forget about whatever was undefined.

! Missing { inserted.
<to be read again> 
                   \begingroup 
l.64    }
         
A left brace was mandatory here, so I've put one in.
You might want to delete and/or insert some corrections
so that I will find a matching right brace soon.
(If you're confused by all this, try typing `I}' now.)


Package microtype Warning: Could not parse font size `sp'
(microtype)                in font set `basicmath' on input line 64.


Package microtype Warning: Could not parse font size `kn'
(microtype)                in font set `basicmath' on input line 64.


Package microtype Warning: Could not parse font size `tr'
(microtype)                in font set `basicmath' on input line 64.


! LaTeX Error: The font size command \normalsize is not defined:
               there is probably something wrong with the class file.

See the LaTeX manual or LaTeX Companion for explanation.
Type  H <return>  for immediate help.
 ...                                              
                                                  
l.71    }
         
Your command was ignored.
Type  I <command> <return>  to replace it with another command,
or  <return>  to continue without it.

! Undefined control sequence.
\MT@get@size ... \def \MT@val {##2}}\@tempa \@nil 
                                                  \fi \MT@ifdimen \MT@val {\...
l.71    }
         
The control sequence at the end of the top line
of your error message was never \def'ed. If you have
misspelled it (e.g., `\hobx'), type `I' and the correct
spelling (e.g., `I\hbox'). Otherwise just continue,
and I'll forget about whatever was undefined.


Package microtype Warning: Could not parse font size `normalsize'
(microtype)                in font set `basictext' on input line 71.


Package microtype Warning: Could not parse font size `footnotesize'
(microtype)                in font set `basictext' on input line 71.


Package microtype Warning: Could not parse font size `small'
(microtype)                in font set `basictext' on input line 71.


Package microtype Warning: Could not parse font size `large'
(microtype)                in font set `basictext' on input line 71.

! Extra }, or forgotten \endgroup.
\MT@clist@function ...,footnotesize,small,large}}}
                                                  
l.71    }
         
I've deleted a group-closing symbol because it seems to be
spurious, as in `$x}$'. But perhaps the } is legitimate and
you forgot something else, as in `\hbox{$x}'. In such cases
the way to recover is to insert both the forgotten and the
deleted material, e.g., by typing `I$}'.


Package microtype Warning: Could not parse font size `ex'
(microtype)                in font set `basictext' on input line 71.

! Undefined control sequence.
\MT@get@size ... \def \MT@val {##2}}\@tempa \@nil 
                                                  \fi \MT@ifdimen \MT@val {\...
l.71    }
         
The control sequence at the end of the top line
of your error message was never \def'ed. If you have
misspelled it (e.g., `\hobx'), type `I' and the correct
spelling (e.g., `I\hbox'). Otherwise just continue,
and I'll forget about whatever was undefined.

! Missing { inserted.
<to be read again> 
                   \begingroup 
l.71    }
         
A left brace was mandatory here, so I've put one in.
You might want to delete and/or insert some corrections
so that I will find a matching right brace soon.
(If you're confused by all this, try typing `I}' now.)


Package microtype Warning: Could not parse font size `sp'
(microtype)                in font set `basictext' on input line 71.


Package microtype Warning: Could not parse font size `kn'
(microtype)                in font set `basictext' on input line 71.


Package microtype Warning: Could not parse font size `tr'
(microtype)                in font set `basictext' on input line 71.


Package microtype Warning: Could not parse font size `small'
(microtype)                in font set `footnotesize' on input line 81.


Package microtype Warning: Could not parse font size `small'
(microtype)                in font set `footnotesize' on input line 81.


Package microtype Warning: Could not parse font size `small'
(microtype)                in font set `footnotesize' on input line 81.


Package microtype Warning: Could not parse font size `small'
(microtype)                in font set `footnotesize' on input line 81.


Package microtype Warning: Could not parse font size `small'
(microtype)                in font set `footnotesize' on input line 81.


Package microtype Warning: Could not parse font size `footnotesize'
(microtype)                in font set `scriptsize' on input line 86.


Package microtype Warning: Could not parse font size `footnotesize'
(microtype)                in font set `scriptsize' on input line 86.


Package microtype Warning: Could not parse font size `footnotesize'
(microtype)                in font set `scriptsize' on input line 86.


Package microtype Warning: Could not parse font size `footnotesize'
(microtype)                in font set `scriptsize' on input line 86.


Package microtype Warning: Could not parse font size `footnotesize'
(microtype)                in font set `scriptsize' on input line 86.


! LaTeX Error: The font size command \normalsize is not defined:
               there is probably something wrong with the class file.

See the LaTeX manual or LaTeX Companion for explanation.
Type  H <return>  for immediate help.
 ...                                              
                                                  
l.89    { font = */*/*/*/* }
                            
Your command was ignored.
Type  I <command> <return>  to replace it with another command,
or  <return>  to continue without it.

! Undefined control sequence.
\MT@get@size ... \def \MT@val {##2}}\@tempa \@nil 
                                                  \fi \MT@ifdimen \MT@val {\...
l.89    { font = */*/*/*/* }
                            
The control sequence at the end of the top line
of your error message was never \def'ed. If you have
misspelled it (e.g., `\hobx'), type `I' and the correct
spelling (e.g., `I\hbox'). Otherwise just continue,
and I'll forget about whatever was undefined.


Package microtype Warning: Could not parse font size `*'
(microtype)                in font set `normalfont' on input line 89.

! Extra }, or forgotten \endgroup.
\MT@clist@function ...normalfont}{font=*/*/*/*/*}}
                                                  
l.89    { font = */*/*/*/* }
                            
I've deleted a group-closing symbol because it seems to be
spurious, as in `$x}$'. But perhaps the } is legitimate and
you forgot something else, as in `\hbox{$x}'. In such cases
the way to recover is to insert both the forgotten and the
deleted material, e.g., by typing `I$}'.


Package microtype Warning: family axis is empty in font specification
(microtype)                `ex////'. Using `pplj' instead on input line 89.


Package microtype Warning: series axis is empty in font specification
(microtype)                `ex////'. Using `m' instead on input line 89.


Package microtype Warning: shape axis is empty in font specification
(microtype)                `ex////'. Using `n' instead on input line 89.


Package microtype Warning: size axis is empty in font specification
(microtype)                `ex////'. Using `\normalsize' instead on input line 
89.


! LaTeX Error: The font size command \normalsize is not defined:
               there is probably something wrong with the class file.

See the LaTeX manual or LaTeX Companion for explanation.
Type  H <return>  for immediate help.
 ...                                              
                                                  
l.89    { font = */*/*/*/* }
                            
Your command was ignored.
Type  I <command> <return>  to replace it with another command,
or  <return>  to continue without it.

! Undefined control sequence.
\MT@get@size ... \def \MT@val {##2}}\@tempa \@nil 
                                                  \fi \MT@ifdimen \MT@val {\...
l.89    { font = */*/*/*/* }
                            
The control sequence at the end of the top line
of your error message was never \def'ed. If you have
misspelled it (e.g., `\hobx'), type `I' and the correct
spelling (e.g., `I\hbox'). Otherwise just continue,
and I'll forget about whatever was undefined.


Package microtype Warning: Could not parse font size `*'
(microtype)                in font set `normalfont' on input line 89.


Package microtype Warning: family axis is empty in font specification
(microtype)                `sp////'. Using `pplj' instead on input line 89.


Package microtype Warning: series axis is empty in font specification
(microtype)                `sp////'. Using `m' instead on input line 89.


Package microtype Warning: shape axis is empty in font specification
(microtype)                `sp////'. Using `n' instead on input line 89.


Package microtype Warning: size axis is empty in font specification
(microtype)                `sp////'. Using `\normalsize' instead on input line 
89.


! LaTeX Error: The font size command \normalsize is not defined:
               there is probably something wrong with the class file.

See the LaTeX manual or LaTeX Companion for explanation.
Type  H <return>  for immediate help.
 ...                                              
                                                  
l.89    { font = */*/*/*/* }
                            
Your command was ignored.
Type  I <command> <return>  to replace it with another command,
or  <return>  to continue without it.

! Undefined control sequence.
\MT@get@size ... \def \MT@val {##2}}\@tempa \@nil 
                                                  \fi \MT@ifdimen \MT@val {\...
l.89    { font = */*/*/*/* }
                            
The control sequence at the end of the top line
of your error message was never \def'ed. If you have
misspelled it (e.g., `\hobx'), type `I' and the correct
spelling (e.g., `I\hbox'). Otherwise just continue,
and I'll forget about whatever was undefined.


Package microtype Warning: Could not parse font size `*'
(microtype)                in font set `normalfont' on input line 89.


Package microtype Warning: family axis is empty in font specification
(microtype)                `kn////'. Using `pplj' instead on input line 89.


Package microtype Warning: series axis is empty in font specification
(microtype)                `kn////'. Using `m' instead on input line 89.


Package microtype Warning: shape axis is empty in font specification
(microtype)                `kn////'. Using `n' instead on input line 89.


Package microtype Warning: size axis is empty in font specification
(microtype)                `kn////'. Using `\normalsize' instead on input line 
89.


! LaTeX Error: The font size command \normalsize is not defined:
               there is probably something wrong with the class file.

See the LaTeX manual or LaTeX Companion for explanation.
Type  H <return>  for immediate help.
 ...                                              
                                                  
l.89    { font = */*/*/*/* }
                            
Your command was ignored.
Type  I <command> <return>  to replace it with another command,
or  <return>  to continue without it.

! Undefined control sequence.
\MT@get@size ... \def \MT@val {##2}}\@tempa \@nil 
                                                  \fi \MT@ifdimen \MT@val {\...
l.89    { font = */*/*/*/* }
                            
The control sequence at the end of the top line
of your error message was never \def'ed. If you have
misspelled it (e.g., `\hobx'), type `I' and the correct
spelling (e.g., `I\hbox'). Otherwise just continue,
and I'll forget about whatever was undefined.


Package microtype Warning: Could not parse font size `*'
(microtype)                in font set `normalfont' on input line 89.


Package microtype Warning: family axis is empty in font specification
(microtype)                `tr////'. Using `pplj' instead on input line 89.


Package microtype Warning: series axis is empty in font specification
(microtype)                `tr////'. Using `m' instead on input line 89.


Package microtype Warning: shape axis is empty in font specification
(microtype)                `tr////'. Using `n' instead on input line 89.


Package microtype Warning: size axis is empty in font specification
(microtype)                `tr////'. Using `\normalsize' instead on input line 
89.


! LaTeX Error: The font size command \normalsize is not defined:
               there is probably something wrong with the class file.

See the LaTeX manual or LaTeX Companion for explanation.
Type  H <return>  for immediate help.
 ...                                              
                                                  
l.89    { font = */*/*/*/* }
                            
Your command was ignored.
Type  I <command> <return>  to replace it with another command,
or  <return>  to continue without it.

! Undefined control sequence.
\MT@get@size ... \def \MT@val {##2}}\@tempa \@nil 
                                                  \fi \MT@ifdimen \MT@val {\...
l.89    { font = */*/*/*/* }
                            
The control sequence at the end of the top line
of your error message was never \def'ed. If you have
misspelled it (e.g., `\hobx'), type `I' and the correct
spelling (e.g., `I\hbox'). Otherwise just continue,
and I'll forget about whatever was undefined.


Package microtype Warning: Could not parse font size `*'
(microtype)                in font set `normalfont' on input line 89.


! Package microtype Error: The expansion set `basictext' is not declared.
(microtype)                Cannot make it the default set. Using set
(microtype)                `all' instead.

See the microtype package documentation for explanation.
Type  H <return>  for immediate help.
 ...                                              
                                                  
l.95 ...MicrotypeSetDefault[expansion] {basictext}
                                                  
This error message was generated by an \errmessage
command, so I can't give any explicit help.
Pretend that you're Hercule Poirot: Examine all clues,
and deduce the truth by order and method.


! Package microtype Error: The spacing set `basictext' is not declared.
(microtype)                Cannot make it the default set. Using set
(microtype)                `all' instead.

See the microtype package documentation for explanation.
Type  H <return>  for immediate help.
 ...                                              
                                                  
l.96 ...MicrotypeSetDefault[spacing]   {basictext}
                                                  
(That was another \errmessage.)

)
! Missing \endcsname inserted.
<to be read again> 
                   \@classoptionslist 
l.2147 \MT@ProcessOptionsWithKV{MT}
                                   
The control sequence marked <to be read again> should
not appear between \csname and \endcsname.

)
! Missing $ inserted.
<inserted text> 
                $
l.234 
      
I've inserted a begin-math/end-math symbol since I think
you left one out. Proceed, with fingers crossed.

! Missing \endgroup inserted.
<inserted text> 
                \endgroup 
l.234 
      
I've inserted something that you may have forgotten.
(See the <inserted text> above.)
With luck, this will get me unwedged. But if you
really didn't forget anything, try typing `2' now; then
my insertion and my current dilemma will both disappear.

! Missing \endgroup inserted.
<inserted text> 
                \endgroup 
l.234 
      
I've inserted something that you may have forgotten.
(See the <inserted text> above.)
With luck, this will get me unwedged. But if you
really didn't forget anything, try typing `2' now; then
my insertion and my current dilemma will both disappear.

! Missing \endgroup inserted.
<inserted text> 
                \endgroup 
l.234 
      
I've inserted something that you may have forgotten.
(See the <inserted text> above.)
With luck, this will get me unwedged. But if you
really didn't forget anything, try typing `2' now; then
my insertion and my current dilemma will both disappear.

! Missing \endgroup inserted.
<inserted text> 
                \endgroup 
l.234 
      
I've inserted something that you may have forgotten.
(See the <inserted text> above.)
With luck, this will get me unwedged. But if you
really didn't forget anything, try typing `2' now; then
my insertion and my current dilemma will both disappear.

! Missing } inserted.
<inserted text> 
                }
l.234 
      
I've inserted something that you may have forgotten.
(See the <inserted text> above.)
With luck, this will get me unwedged. But if you
really didn't forget anything, try typing `2' now; then
my insertion and my current dilemma will both disappear.

! Missing } inserted.
<inserted text> 
                }
l.234 
      
I've inserted something that you may have forgotten.
(See the <inserted text> above.)
With luck, this will get me unwedged. But if you
really didn't forget anything, try typing `2' now; then
my insertion and my current dilemma will both disappear.

! Missing \endgroup inserted.
<inserted text> 
                \endgroup 
l.234 
      
I've inserted something that you may have forgotten.
(See the <inserted text> above.)
With luck, this will get me unwedged. But if you
really didn't forget anything, try typing `2' now; then
my insertion and my current dilemma will both disappear.

! Missing \endgroup inserted.
<inserted text> 
                \endgroup 
l.234 
      
I've inserted something that you may have forgotten.
(See the <inserted text> above.)
With luck, this will get me unwedged. But if you
really didn't forget anything, try typing `2' now; then
my insertion and my current dilemma will both disappear.

! Missing } inserted.
<inserted text> 
                }
l.234 
      
I've inserted something that you may have forgotten.
(See the <inserted text> above.)
With luck, this will get me unwedged. But if you
really didn't forget anything, try typing `2' now; then
my insertion and my current dilemma will both disappear.

! Missing } inserted.
<inserted text> 
                }
l.234 
      
I've inserted something that you may have forgotten.
(See the <inserted text> above.)
With luck, this will get me unwedged. But if you
really didn't forget anything, try typing `2' now; then
my insertion and my current dilemma will both disappear.


Overfull \hbox (21.0pt too wide) in paragraph at lines 64--234
[]$[]$ 
 []

(/usr/share/texlive/texmf-dist/tex/latex/koma-script/typearea.sty
Package: typearea 2013/12/19v3.12KOMA-Scriptpackage(typearea)

Packagetypearea,2013/12/19v3.12KOMA-Scriptpackage(typearea)
                  Copyright(C)FrankNeukam,1992-1994
                  Copyright(C)MarkusKohm,1994-

(/usr/share/texlive/texmf-dist/tex/latex/koma-script/scrkbase.sty
Package: scrkbase 2013/12/19v3.12KOMA-Scriptpackage(KOMA-Script-dependentbasics
andkeyvalusage)

(/usr/share/texlive/texmf-dist/tex/latex/koma-script/scrbase.sty
Package: scrbase 2013/12/19v3.12KOMA-Scriptpackage(KOMA-Script-independentbasic
sandkeyvalusage)

! Missing \endcsname inserted.
<to be read again> 
                   \@globaloptionslist 
l.359 \FamilyProcessOptions{KOMA}
                                 \relax
The control sequence marked <to be read again> should
not appear between \csname and \endcsname.

! Missing \endcsname inserted.
<to be read again> 
                   \@globaloptionslist 
l.359 \FamilyProcessOptions{KOMA}
                                 \relax
The control sequence marked <to be read again> should
not appear between \csname and \endcsname.

(/usr/share/texlive/texmf-dist/tex/latex/koma-script/scrlfile.sty
Package: scrlfile 2013/12/19v3.12KOMA-Scriptpackage(loadingfiles)

Packagescrlfile,2013/12/19v3.12KOMA-Scriptpackage(loadingfiles)
                  Copyright(C)MarkusKohm

))
! Missing \endcsname inserted.
<to be read again> 
                   \@globaloptionslist 
l.87 \KOMAProcessOptions
                        \relax
The control sequence marked <to be read again> should
not appear between \csname and \endcsname.

! Missing \endcsname inserted.
<to be read again> 
                   \@globaloptionslist 
l.87 \KOMAProcessOptions
                        \relax
The control sequence marked <to be read again> should
not appear between \csname and \endcsname.

)
\ta@bcor=\skip43
\ta@div=\count91

! Missing \endcsname inserted.
<to be read again> 
                   \@globaloptionslist 
l.720 \KOMAProcessOptions
                         \relax
The control sequence marked <to be read again> should
not appear between \csname and \endcsname.

! Missing \endcsname inserted.
<to be read again> 
                   \@globaloptionslist 
l.720 \KOMAProcessOptions
                         \relax
The control sequence marked <to be read again> should
not appear between \csname and \endcsname.

\ta@hblk=\skip44
\ta@vblk=\skip45
\ta@temp=\skip46

Package typearea Warning: \typearea usedatgrouplevel5.
(typearea)                Using\typearea insideanygroup,e.g.
(typearea)                environments,mathmode,boxes,etc.mayresultin
(typearea)                manytypesettingproblems.
(typearea)                Youshouldmovethecommand\typearea
(typearea)                outsideallgroups on input line 1330.


! LaTeX Error: The font size command \normalsize is not defined:
               there is probably something wrong with the class file.

See the LaTeX manual or LaTeX Companion for explanation.
Type  H <return>  for immediate help.
 ...                                              
                                                  
l.1330 \typearea[current]{current}
                                  
Your command was ignored.
Type  I <command> <return>  to replace it with another command,
or  <return>  to continue without it.

\footheight=\skip47

Package typearea Warning: \@ptsize notdefined!
(typearea)                Fontsizeis10pt.
(typearea)                Defining\@ptsize to0.


! LaTeX Error: The font size command \normalsize is not defined:
               there is probably something wrong with the class file.

See the LaTeX manual or LaTeX Companion for explanation.
Type  H <return>  for immediate help.
 ...                                              
                                                  
l.1330 \typearea[current]{current}
                                  
Your command was ignored.
Type  I <command> <return>  to replace it with another command,
or  <return>  to continue without it.


! LaTeX Error: The font size command \normalsize is not defined:
               there is probably something wrong with the class file.

See the LaTeX manual or LaTeX Companion for explanation.
Type  H <return>  for immediate help.
 ...                                              
                                                  
l.1330 \typearea[current]{current}
                                  
Your command was ignored.
Type  I <command> <return>  to replace it with another command,
or  <return>  to continue without it.

Package typearea Info: Thesearethevaluesdescribingthelayout:
(typearea)             DIV  = 8
(typearea)             BCOR = 0.0pt
(typearea)             \paperwidth      = 597.50793pt
(typearea)              \textwidth      = 373.44246pt
(typearea)              DIVdeparture   = 0%
(typearea)              \evensidemargin = 39.76274pt
(typearea)              \oddsidemargin  = 39.76274pt
(typearea)             \paperheight     = 845.04694pt
(typearea)              \textheight     = 535.00153pt
(typearea)              \topmargin      = 4.4858pt
(typearea)              \headheight     = 13.12503pt
(typearea)              \headsep        = 15.75005pt
(typearea)              \topskip        = 10.0pt
(typearea)              \footskip       = 36.75009pt
(typearea)              \baselineskip   = 10.50003pt
(typearea)              on input line 1330.
)
Package classicthesis Info: A4paper,Palatinoorother on input line 270.
Package typearea Info: Thesearethevaluesdescribingthelayout:
(typearea)             DIV  = areaset
(typearea)             BCOR = 0.0pt
(typearea)             \paperwidth      = 597.50793pt
(typearea)              \textwidth      = 336.0pt
(typearea)              \evensidemargin = 58.48398pt
(typearea)              \oddsidemargin  = 58.48398pt
(typearea)             \paperheight     = 845.04694pt
(typearea)              \textheight     = 750.0pt
(typearea)              \topmargin      = -71.33772pt
(typearea)              \headheight     = 15.0pt
(typearea)              \headsep        = 15.75005pt
(typearea)              \topskip        = 10.0pt
(typearea)              \footskip       = 36.7501pt
(typearea)              \baselineskip   = 10.50003pt
(typearea)              on input line 270.
 (/usr/share/texlive/texmf-dist/tex/latex/booktabs/booktabs.sty
Package: booktabs 2005/04/14v1.61803publicationqualitytables
\heavyrulewidth=\dimen107
\lightrulewidth=\dimen108
\cmidrulewidth=\dimen109
\belowrulesep=\dimen110
\belowbottomsep=\dimen111
\aboverulesep=\dimen112
\abovetopsep=\dimen113
\cmidrulesep=\dimen114
\cmidrulekern=\dimen115
\defaultaddspace=\dimen116
\@cmidla=\count92
\@cmidlb=\count93
\@aboverulesep=\dimen117
\@belowrulesep=\dimen118
\@thisruleclass=\count94
\@lastruleclass=\count95
\@thisrulewidth=\dimen119
)
(/usr/share/texlive/texmf-dist/tex/latex/textcase/textcase.sty
Package: textcase 2004/10/07v0.07Textonlyupper/lowercasechanging(DPC)
)
(/usr/share/texlive/texmf-dist/tex/latex/soul/soul.sty
Package: soul 2003/11/17v2.4letterspacing/underlining(mf)
\SOUL@word=\toks16
\SOUL@lasttoken=\toks17
\SOUL@cmds=\toks18
\SOUL@buffer=\toks19
\SOUL@token=\toks20
\SOUL@spaceskip=\skip48

! Undefined control sequence.
<recently read> \SOUL@expand 
                             
l.101 }
       
The control sequence at the end of the top line
of your error message was never \def'ed. If you have
misspelled it (e.g., `\hobx'), type `I' and the correct
spelling (e.g., `I\hbox'). Otherwise just continue,
and I'll forget about whatever was undefined.

\SOUL@ttwidth=\dimen120
\SOUL@uldp=\dimen121
\SOUL@ulht=\dimen122
) (/usr/share/texlive/texmf-dist/tex/latex/koma-script/scrpage2.sty
Package: scrpage2 2013/12/19v3.12KOMA-Scriptpackage(pageheadandfoot)


Package scrpage2 Warning: useofscrpage2withunknownclass.
(scrpage2)                Pleasemailtomarkus.kohm@gmx.de,ifheadmarks
(scrpage2)                arelowercasewithoutuseofscrpage2.

)

! LaTeX Error: \chaptermark undefined.

See the LaTeX manual or LaTeX Companion for explanation.
Type  H <return>  for immediate help.
 ...                                              
                                                  
l.353 ...smallcaps{#1}}{\spacedlowsmallcaps{#1}}}}
                                                  
Try typing  <return>  to proceed.
If that doesn't work, type  X <return>  to quit.

(/usr/share/texlive/texmf-dist/tex/latex/titlesec/titlesec.sty
Package: titlesec 2011/12/15v2.10.0Sectioningtitles
\ttl@box=\box26
\beforetitleunit=\skip49
\aftertitleunit=\skip50
\ttl@plus=\dimen123
\ttl@minus=\dimen124
\ttl@toksa=\toks21
\titlewidth=\dimen125
\titlewidthlast=\dimen126
\titlewidthfirst=\dimen127

! Undefined control sequence.
<argument> \section 
                    
l.1273 \ttl@extract\section
                           
The control sequence at the end of the top line
of your error message was never \def'ed. If you have
misspelled it (e.g., `\hobx'), type `I' and the correct
spelling (e.g., `I\hbox'). Otherwise just continue,
and I'll forget about whatever was undefined.


Package titlesec Warning: Nonstandardsectioningcommanddetected
(titlesec)                Usingdefaultspacingandnoformat.

! Undefined control sequence.
<argument> \subsection 
                       
l.1274 \ttl@extract\subsection
                              
The control sequence at the end of the top line
of your error message was never \def'ed. If you have
misspelled it (e.g., `\hobx'), type `I' and the correct
spelling (e.g., `I\hbox'). Otherwise just continue,
and I'll forget about whatever was undefined.


Package titlesec Warning: Nonstandardsectioningcommanddetected
(titlesec)                Usingdefaultspacingandnoformat.

! Undefined control sequence.
<argument> \subsubsection 
                          
l.1275 \ttl@extract\subsubsection
                                 
The control sequence at the end of the top line
of your error message was never \def'ed. If you have
misspelled it (e.g., `\hobx'), type `I' and the correct
spelling (e.g., `I\hbox'). Otherwise just continue,
and I'll forget about whatever was undefined.


Package titlesec Warning: Nonstandardsectioningcommanddetected
(titlesec)                Usingdefaultspacingandnoformat.

! Undefined control sequence.
<argument> \paragraph 
                      
l.1276 \ttl@extract\paragraph
                             
The control sequence at the end of the top line
of your error message was never \def'ed. If you have
misspelled it (e.g., `\hobx'), type `I' and the correct
spelling (e.g., `I\hbox'). Otherwise just continue,
and I'll forget about whatever was undefined.


Package titlesec Warning: Nonstandardsectioningcommanddetected
(titlesec)                Usingdefaultspacingandnoformat.

! Undefined control sequence.
<argument> \subparagraph 
                         
l.1277 \ttl@extract\subparagraph
                                
The control sequence at the end of the top line
of your error message was never \def'ed. If you have
misspelled it (e.g., `\hobx'), type `I' and the correct
spelling (e.g., `I\hbox'). Otherwise just continue,
and I'll forget about whatever was undefined.


Package titlesec Warning: Nonstandardsectioningcommanddetected
(titlesec)                Usingdefaultspacingandnoformat.

)

! LaTeX Error: \descriptionlabel undefined.

See the LaTeX manual or LaTeX Companion for explanation.
Type  H <return>  for immediate help.
 ...                                              
                                                  
l.407         \renewcommand{\descriptionlabel}
                                              [1]{\hspace*{\labelsep}\spaced...

Try typing  <return>  to proceed.
If that doesn't work, type  X <return>  to quit.

(/usr/share/texlive/texmf-dist/tex/latex/tocloft/tocloft.sty
Package: tocloft 2013/05/02v2.3fparameterisedToC,etc.,typesetting
Package tocloft Info: Thedocumenthassectiondivisions on input line 44.
\cftparskip=\skip51
\cftbeforetoctitleskip=\skip52
\cftaftertoctitleskip=\skip53


! LaTeX Error: \l@section undefined.

See the LaTeX manual or LaTeX Companion for explanation.
Type  H <return>  for immediate help.
 ...                                              
                                                  
l.299 \renewcommand*{\l@section}
                                [2]{%
Try typing  <return>  to proceed.
If that doesn't work, type  X <return>  to quit.

\cftbeforesecskip=\skip54
\cftsecindent=\skip55
\cftsecnumwidth=\skip56

! LaTeX Error: \l@subsection undefined.

See the LaTeX manual or LaTeX Companion for explanation.
Type  H <return>  for immediate help.
 ...                                              
                                                  
l.349 \renewcommand*{\l@subsection}
                                   [2]{%
Try typing  <return>  to proceed.
If that doesn't work, type  X <return>  to quit.

\cftbeforesubsecskip=\skip57
\cftsubsecindent=\skip58
\cftsubsecnumwidth=\skip59

! LaTeX Error: \l@subsubsection undefined.

See the LaTeX manual or LaTeX Companion for explanation.
Type  H <return>  for immediate help.
 ...                                              
                                                  
l.389 \renewcommand*{\l@subsubsection}
                                      [2]{%
Try typing  <return>  to proceed.
If that doesn't work, type  X <return>  to quit.

\cftbeforesubsubsecskip=\skip60
\cftsubsubsecindent=\skip61
\cftsubsubsecnumwidth=\skip62

! LaTeX Error: \l@paragraph undefined.

See the LaTeX manual or LaTeX Companion for explanation.
Type  H <return>  for immediate help.
 ...                                              
                                                  
l.429 \renewcommand*{\l@paragraph}
                                  [2]{%
Try typing  <return>  to proceed.
If that doesn't work, type  X <return>  to quit.

\cftbeforeparaskip=\skip63
\cftparaindent=\skip64
\cftparanumwidth=\skip65

! LaTeX Error: \l@subparagraph undefined.

See the LaTeX manual or LaTeX Companion for explanation.
Type  H <return>  for immediate help.
 ...                                              
                                                  
l.469 \renewcommand*{\l@subparagraph}
                                     [2]{%
Try typing  <return>  to proceed.
If that doesn't work, type  X <return>  to quit.

\cftbeforesubparaskip=\skip66
\cftsubparaindent=\skip67
\cftsubparanumwidth=\skip68
\cftbeforeloftitleskip=\skip69
\cftafterloftitleskip=\skip70

! LaTeX Error: \l@figure undefined.

See the LaTeX manual or LaTeX Companion for explanation.
Type  H <return>  for immediate help.
 ...                                              
                                                  
l.570 \renewcommand*{\l@figure}
                               [2]{%
Try typing  <return>  to proceed.
If that doesn't work, type  X <return>  to quit.

\cftbeforefigskip=\skip71
\cftfigindent=\skip72
\cftfignumwidth=\skip73
\c@lofdepth=\count96
\c@lotdepth=\count97
\cftbeforelottitleskip=\skip74
\cftafterlottitleskip=\skip75

! LaTeX Error: \l@table undefined.

See the LaTeX manual or LaTeX Companion for explanation.
Type  H <return>  for immediate help.
 ...                                              
                                                  
l.672 \renewcommand*{\l@table}
                              [2]{%
Try typing  <return>  to proceed.
If that doesn't work, type  X <return>  to quit.

\cftbeforetabskip=\skip76
\cfttabindent=\skip77
\cfttabnumwidth=\skip78
)
\newnumberwidth=\skip79


! LaTeX Error: \@pnumwidth undefined.

See the LaTeX manual or LaTeX Companion for explanation.
Type  H <return>  for immediate help.
 ...                                              
                                                  
l.424     \cftsetpnumwidth{\newnumberwidth}
                                           
Try typing  <return>  to proceed.
If that doesn't work, type  X <return>  to quit.

\beforebibskip=\skip80
\newchnumberwidth=\skip81

! LaTeX Error: \cftchappresnum undefined.

See the LaTeX manual or LaTeX Companion for explanation.
Type  H <return>  for immediate help.
 ...                                              
                                                  
l.476         }
               
Try typing  <return>  to proceed.
If that doesn't work, type  X <return>  to quit.


! LaTeX Error: \cftchapfont undefined.

See the LaTeX manual or LaTeX Companion for explanation.
Type  H <return>  for immediate help.
 ...                                              
                                                  
l.476         }
               
Try typing  <return>  to proceed.
If that doesn't work, type  X <return>  to quit.


! LaTeX Error: \cftchappagefont undefined.

See the LaTeX manual or LaTeX Companion for explanation.
Type  H <return>  for immediate help.
 ...                                              
                                                  
l.476         }
               
Try typing  <return>  to proceed.
If that doesn't work, type  X <return>  to quit.


! LaTeX Error: \cftchapleader undefined.

See the LaTeX manual or LaTeX Companion for explanation.
Type  H <return>  for immediate help.
 ...                                              
                                                  
l.476         }
               
Try typing  <return>  to proceed.
If that doesn't work, type  X <return>  to quit.


! LaTeX Error: \cftchapafterpnum undefined.

See the LaTeX manual or LaTeX Companion for explanation.
Type  H <return>  for immediate help.
 ...                                              
                                                  
l.476         }
               
Try typing  <return>  to proceed.
If that doesn't work, type  X <return>  to quit.

\figurelabelwidth=\skip82
! Undefined control sequence.
\cftfigpresnum ->\figurename 
                             ~
l.521 ...th{\figurelabelwidth}{\cftfigpresnum~999}
                                                  
The control sequence at the end of the top line
of your error message was never \def'ed. If you have
misspelled it (e.g., `\hobx'), type `I' and the correct
spelling (e.g., `I\hbox'). Otherwise just continue,
and I'll forget about whatever was undefined.

\tablelabelwidth=\skip83
! Undefined control sequence.
\cfttabpresnum ->\tablename 
                            ~
l.534 ...dth{\tablelabelwidth}{\cfttabpresnum~999}
                                                  
The control sequence at the end of the top line
of your error message was never \def'ed. If you have
misspelled it (e.g., `\hobx'), type `I' and the correct
spelling (e.g., `I\hbox'). Otherwise just continue,
and I'll forget about whatever was undefined.


! LaTeX Error: \chapter undefined.

See the LaTeX manual or LaTeX Companion for explanation.
Type  H <return>  for immediate help.
 ...                                              
                                                  
l.592     }
           
Try typing  <return>  to proceed.
If that doesn't work, type  X <return>  to quit.

(/usr/share/texlive/texmf-dist/tex/latex/footmisc/footmisc.sty
Package: footmisc 2011/06/06v5.5bamiscellanyoffootnotefacilities
\FN@temptoken=\toks22
\footnotemargin=\dimen128
\c@pp@next@reset=\count98
Package footmisc Info: Declaringsymbolstylebringhurst on input line 855.
Package footmisc Info: Declaringsymbolstylechicago on input line 863.
Package footmisc Info: Declaringsymbolstylewiley on input line 872.
Package footmisc Info: Declaringsymbolstylelamport-robust on input line 883.
Package footmisc Info: Declaringsymbolstylelamport* on input line 903.
Package footmisc Info: Declaringsymbolstylelamport*-robust on input line 924.
)

Package classicthesis Warning: Usingpackage"footmisc"withoption"flushmargin"for
footnotesetup(not100\%thesameaswithKOMA).

(/usr/share/texlive/texmf-dist/tex/latex/koma-script/scrtime.sty
Package: scrtime 2011/03/31v3.08bKOMA-Scriptpackage(timeofLaTeXrun)

! Missing \endcsname inserted.
<to be read again> 
                   \@globaloptionslist 
l.82 \KOMAProcessOptions
                        \relax
The control sequence marked <to be read again> should
not appear between \csname and \endcsname.

! Missing \endcsname inserted.
<to be read again> 
                   \@globaloptionslist 
l.82 \KOMAProcessOptions
                        \relax
The control sequence marked <to be read again> should
not appear between \csname and \endcsname.

) (/usr/share/texlive/texmf-dist/tex/latex/carlisle/remreset.sty)

! LaTeX Error: \thetable undefined.

See the LaTeX manual or LaTeX Companion for explanation.
Type  H <return>  for immediate help.
 ...                                              
                                    